<?xml version="1.0" encoding="UTF-8"?>
<!-- Generated by org.testng.reporters.JUnitXMLReporter -->
<testsuite ignored="0" hostname="LAPTOP-NRPB8H72" failures="0" tests="13" name="Default test" time="188.667" errors="0" timestamp="2022-04-05T21:03:17 IST">
  <testcase classname="TestCases.SampleExtentreport" name="verifyLogin1" time="8.643"/>
  <testcase classname="TestCases.SampleExtentreport" name="verifyLogin2" time="14.152"/>
  <testcase classname="TestCases.SampleExtentreport" name="verifyerror1" time="8.128"/>
  <testcase classname="TestCases.SampleExtentreport" name="verifyerror2" time="6.642"/>
  <testcase classname="TestCases.SampleExtentreport" name="verifyerror3" time="7.182"/>
  <testcase classname="TestCases.SampleExtentreport" name="verifyProductsPage1" time="7.417"/>
  <testcase classname="TestCases.SampleExtentreport" name="verifyProductsPage2" time="8.069"/>
  <testcase classname="TestCases.SampleExtentreport" name="verifyProductsPage3" time="4.072"/>
  <testcase classname="TestCases.SampleExtentreport" name="verifyProductsPage4" time="6.836"/>
  <testcase classname="TestCases.SampleExtentreport" name="verifyProductsPage5" time="9.963"/>
  <testcase classname="TestCases.SampleExtentreport" name="verifyProductsPage6" time="8.485"/>
  <testcase classname="TestCases.SampleExtentreport" name="verifyCheckoutPage1" time="11.429"/>
  <testcase classname="TestCases.SampleExtentreport" name="verifyCheckoutPage2" time="9.525"/>
</testsuite> <!-- Default test -->
